<?xml version="1.0" encoding="UTF-8"?>
<!-- Generated by org.testng.reporters.JUnitReportReporter -->
<testsuite hostname="ant-Shivani-ATR358" failures="0" tests="2" name="SampleTestNGClass" time="0.005" errors="0" timestamp="2023-05-01T23:18:42 IST" skipped="0">
  <testcase classname="SampleTestNGClass" name="m1" time="0.004"/>
  <system-out/>
  <testcase classname="SampleTestNGClass" name="m2" time="0.001"/>
  <system-out/>
</testsuite> <!-- SampleTestNGClass -->
