<?xml version="1.0" encoding="UTF-8"?>
<!-- Generated by org.testng.reporters.JUnitReportReporter -->
<testsuite hostname="ant-Shivani-ATR358" failures="0" tests="1" name="testRunner.TestRunnerClass" time="29.414" errors="0" timestamp="2023-06-05T23:09:09 IST" skipped="0">
  <testcase classname="testRunner.TestRunnerClass" name="runScenario" time="29.414"/>
  <system-out/>
</testsuite> <!-- testRunner.TestRunnerClass -->
